# JRE version: OpenJDK Runtime Environment (8.0_222-b10) (build 1.8.0_222-8u222-b10-1ubuntu1~18.04.1-b10)
# Java VM: OpenJDK Server VM (25.222-b10 mixed mode linux-x86 )
Heap:
 PSYoungGen      total 302336K, used 12263K [0x90ac0000, 0xa3400000, 0xa6000000)
  eden space 300288K, 4% used [0x90ac0000,0x916b9e08,0xa3000000)
  from space 2048K, 0% used [0xa3200000,0xa3200000,0xa3400000)
  to   space 2048K, 0% used [0xa3000000,0xa3000000,0xa3200000)
 ParOldGen       total 217344K, used 61290K [0x66000000, 0x73440000, 0x90ac0000)
  object space 217344K, 28% used [0x66000000,0x69bdaa40,0x73440000)
 Metaspace       used 68246K, capacity 71813K, committed 71936K, reserved 71984K
GC Heap History (10 events):
Event: 9696,310 GC heap before
{Heap before GC invocations=157 (full 75):
 PSYoungGen      total 302592K, used 32K [0x90ac0000, 0xa3480000, 0xa6000000)
  eden space 300288K, 0% used [0x90ac0000,0x90ac0000,0xa3000000)
  from space 2304K, 1% used [0xa3240000,0xa3248000,0xa3480000)
  to   space 2304K, 0% used [0xa3000000,0xa3000000,0xa3240000)
 ParOldGen       total 217344K, used 61142K [0x66000000, 0x73440000, 0x90ac0000)
  object space 217344K, 28% used [0x66000000,0x69bb5a48,0x73440000)
 Metaspace       used 68231K, capacity 71781K, committed 71936K, reserved 71984K
Event: 9696,394 GC heap after
Heap after GC invocations=157 (full 75):
 PSYoungGen      total 302592K, used 0K [0x90ac0000, 0xa3480000, 0xa6000000)
  eden space 300288K, 0% used [0x90ac0000,0x90ac0000,0xa3000000)
  from space 2304K, 0% used [0xa3240000,0xa3240000,0xa3480000)
  to   space 2304K, 0% used [0xa3000000,0xa3000000,0xa3240000)
 ParOldGen       total 217344K, used 61142K [0x66000000, 0x73440000, 0x90ac0000)
  object space 217344K, 28% used [0x66000000,0x69bb5898,0x73440000)
 Metaspace       used 68231K, capacity 71781K, committed 71936K, reserved 71984K
}
Event: 9756,306 GC heap before
{Heap before GC invocations=158 (full 75):
 PSYoungGen      total 302592K, used 8723K [0x90ac0000, 0xa3480000, 0xa6000000)
  eden space 300288K, 2% used [0x90ac0000,0x91344c48,0xa3000000)
  from space 2304K, 0% used [0xa3240000,0xa3240000,0xa3480000)
  to   space 2304K, 0% used [0xa3000000,0xa3000000,0xa3240000)
 ParOldGen       total 217344K, used 61142K [0x66000000, 0x73440000, 0x90ac0000)
  object space 217344K, 28% used [0x66000000,0x69bb5898,0x73440000)
 Metaspace       used 68231K, capacity 71781K, committed 71936K, reserved 71984K
Event: 9756,311 GC heap after
Heap after GC invocations=158 (full 75):
 PSYoungGen      total 300800K, used 400K [0x90ac0000, 0xa3400000, 0xa6000000)
  eden space 300288K, 0% used [0x90ac0000,0x90ac0000,0xa3000000)
  from space 512K, 78% used [0xa3000000,0xa3064000,0xa3080000)
  to   space 2048K, 0% used [0xa3200000,0xa3200000,0xa3400000)
 ParOldGen       total 217344K, used 61142K [0x66000000, 0x73440000, 0x90ac0000)
  object space 217344K, 28% used [0x66000000,0x69bb5898,0x73440000)
 Metaspace       used 68231K, capacity 71781K, committed 71936K, reserved 71984K
}
Event: 9756,311 GC heap before
{Heap before GC invocations=159 (full 76):
 PSYoungGen      total 300800K, used 400K [0x90ac0000, 0xa3400000, 0xa6000000)
  eden space 300288K, 0% used [0x90ac0000,0x90ac0000,0xa3000000)
  from space 512K, 78% used [0xa3000000,0xa3064000,0xa3080000)
  to   space 2048K, 0% used [0xa3200000,0xa3200000,0xa3400000)
 ParOldGen       total 217344K, used 61142K [0x66000000, 0x73440000, 0x90ac0000)
  object space 217344K, 28% used [0x66000000,0x69bb5898,0x73440000)
 Metaspace       used 68231K, capacity 71781K, committed 71936K, reserved 71984K
Event: 9756,422 GC heap after
Heap after GC invocations=159 (full 76):
 PSYoungGen      total 300800K, used 0K [0x90ac0000, 0xa3400000, 0xa6000000)
  eden space 300288K, 0% used [0x90ac0000,0x90ac0000,0xa3000000)
  from space 512K, 0% used [0xa3000000,0xa3000000,0xa3080000)
  to   space 2048K, 0% used [0xa3200000,0xa3200000,0xa3400000)
 ParOldGen       total 217344K, used 61291K [0x66000000, 0x73440000, 0x90ac0000)
  object space 217344K, 28% used [0x66000000,0x69bdae10,0x73440000)
 Metaspace       used 68231K, capacity 71781K, committed 71936K, reserved 71984K
}
Event: 9816,311 GC heap before
{Heap before GC invocations=160 (full 76):
 PSYoungGen      total 300800K, used 8949K [0x90ac0000, 0xa3400000, 0xa6000000)
  eden space 300288K, 2% used [0x90ac0000,0x9137d700,0xa3000000)
  from space 512K, 0% used [0xa3000000,0xa3000000,0xa3080000)
  to   space 2048K, 0% used [0xa3200000,0xa3200000,0xa3400000)
 ParOldGen       total 217344K, used 61291K [0x66000000, 0x73440000, 0x90ac0000)
  object space 217344K, 28% used [0x66000000,0x69bdae10,0x73440000)
 Metaspace       used 68231K, capacity 71781K, committed 71936K, reserved 71984K
Event: 9816,325 GC heap after
Heap after GC invocations=160 (full 76):
 PSYoungGen      total 302336K, used 416K [0x90ac0000, 0xa3400000, 0xa6000000)
  eden space 300288K, 0% used [0x90ac0000,0x90ac0000,0xa3000000)
  from space 2048K, 20% used [0xa3200000,0xa3268000,0xa3400000)
  to   space 2048K, 0% used [0xa3000000,0xa3000000,0xa3200000)
 ParOldGen       total 217344K, used 61291K [0x66000000, 0x73440000, 0x90ac0000)
  object space 217344K, 28% used [0x66000000,0x69bdae10,0x73440000)
 Metaspace       used 68231K, capacity 71781K, committed 71936K, reserved 71984K
}
Event: 9816,325 GC heap before
{Heap before GC invocations=161 (full 77):
 PSYoungGen      total 302336K, used 416K [0x90ac0000, 0xa3400000, 0xa6000000)
  eden space 300288K, 0% used [0x90ac0000,0x90ac0000,0xa3000000)
  from space 2048K, 20% used [0xa3200000,0xa3268000,0xa3400000)
  to   space 2048K, 0% used [0xa3000000,0xa3000000,0xa3200000)
 ParOldGen       total 217344K, used 61291K [0x66000000, 0x73440000, 0x90ac0000)
  object space 217344K, 28% used [0x66000000,0x69bdae10,0x73440000)
 Metaspace       used 68231K, capacity 71781K, committed 71936K, reserved 71984K
Event: 9816,436 GC heap after
Heap after GC invocations=161 (full 77):
 PSYoungGen      total 302336K, used 0K [0x90ac0000, 0xa3400000, 0xa6000000)
  eden space 300288K, 0% used [0x90ac0000,0x90ac0000,0xa3000000)
  from space 2048K, 0% used [0xa3200000,0xa3200000,0xa3400000)
  to   space 2048K, 0% used [0xa3000000,0xa3000000,0xa3200000)
 ParOldGen       total 217344K, used 61290K [0x66000000, 0x73440000, 0x90ac0000)
  object space 217344K, 28% used [0x66000000,0x69bdaa40,0x73440000)
 Metaspace       used 68231K, capacity 71781K, committed 71936K, reserved 71984K
}

